Arguments: 
  /usr/local/bin/node /usr/local/Cellar/yarn/1.10.1/libexec/bin/yarn.js add angularjs

PATH: 
  /Users/itexecutive/.composer/vendor/bin:/usr/local/bin:/usr/bin:/bin:/usr/sbin:/sbin:/usr/local/share/dotnet:~/.dotnet/tools:/Library/Frameworks/Mono.framework/Versions/Current/Commands

Yarn version: 
  1.10.1

Node version: 
  8.11.4

Platform: 
  darwin x64

Trace: 
  Error: https://registry.yarnpkg.com/@chenfengyuan%2fdatepicker: ETIMEDOUT
      at Timeout._onTimeout (/usr/local/Cellar/yarn/1.10.1/libexec/lib/cli.js:120826:19)
      at ontimeout (timers.js:498:11)
      at tryOnTimeout (timers.js:323:5)
      at Timer.listOnTimeout (timers.js:290:5)

npm manifest: 
  {
    "private": true,
    "scripts": {
      "prod": "gulp --production",
      "dev": "gulp watch"
    },
    "devDependencies": {
      "bootstrap-sass": "^3.0.0",
      "gulp": "^3.9.1",
      "gulp-sass": "^4.0.2",
      "laravel-elixir": "^5.0.0"
    },
    "dependencies": {
      "@chenfengyuan/datepicker": "^1.0.0",
      "jquery": "^3.3.1",
      "laravel-elixir-vueify": "^1.0.6",
      "node-sass": "^4.12.0"
    },
    "browser": {
      "vue": "vue/dist/vue.common.js"
    }
  }

yarn manifest: 
  No manifest

Lockfile: 
  No lockfile
